2019-04-05 01:30:24,462 INFO [main] h.j.v.g.Glavna [Glavna.java:41] program je pokrenut...
2019-04-05 20:36:58,964 INFO [main] h.j.v.g.Glavna [Glavna.java:44] program je pokrenut...
2019-04-05 20:50:07,516 INFO [main] h.j.v.g.Glavna [Glavna.java:44] program je pokrenut...
2019-04-05 20:53:01,344 INFO [main] h.j.v.g.Glavna [Glavna.java:44] program je pokrenut...
2019-04-05 21:09:13,866 INFO [main] h.j.v.g.Glavna [Glavna.java:43] program je pokrenut...
2019-04-05 21:13:58,661 INFO [main] h.j.v.g.Glavna [Glavna.java:43] program je pokrenut...
2019-04-05 21:14:00,504 INFO [main] h.j.v.g.Glavna [Glavna.java:57] null
2019-04-05 21:14:02,650 INFO [main] h.j.v.g.Glavna [Glavna.java:57] null
2019-04-05 22:54:41,225 INFO [main] h.j.v.g.Glavna [Glavna.java:38] program je pokrenut...
2019-04-05 23:17:21,590 INFO [main] h.j.v.g.Glavna [Glavna.java:38] program je pokrenut...
2019-04-05 23:18:48,940 INFO [main] h.j.v.g.Glavna [Glavna.java:38] program je pokrenut...
2019-04-05 23:19:17,528 INFO [main] h.j.v.g.Glavna [Glavna.java:38] program je pokrenut...
2019-04-06 01:29:51,549 INFO [main] h.j.v.g.Glavna [Glavna.java:38] program je pokrenut...
2019-04-06 01:32:30,752 INFO [main] h.j.v.g.Glavna [Glavna.java:38] program je pokrenut...
2019-04-06 01:32:53,585 INFO [main] h.j.v.g.Glavna [Glavna.java:202] Text '2' could not be parsed at index 0
2019-04-06 01:54:08,651 INFO [main] h.j.v.g.Glavna [Glavna.java:46] program je pokrenut...
2019-04-06 01:54:29,315 INFO [main] h.j.v.g.Glavna [Glavna.java:261] null
2019-04-06 01:54:30,355 INFO [main] h.j.v.g.Glavna [Glavna.java:261] null
2019-04-06 01:54:31,158 INFO [main] h.j.v.g.Glavna [Glavna.java:261] null
2019-04-06 01:54:48,319 INFO [main] h.j.v.g.Glavna [Glavna.java:210] Text '' could not be parsed at index 0
2019-04-06 01:54:50,078 INFO [main] h.j.v.g.Glavna [Glavna.java:210] Text '' could not be parsed at index 0
2019-04-06 01:54:50,943 INFO [main] h.j.v.g.Glavna [Glavna.java:210] Text '' could not be parsed at index 0
2019-04-06 01:54:51,801 INFO [main] h.j.v.g.Glavna [Glavna.java:210] Text '' could not be parsed at index 0
2019-04-06 14:50:54,014 INFO [main] h.j.v.g.Glavna [Glavna.java:46] program je pokrenut...
2019-04-06 15:10:53,436 INFO [main] h.j.v.g.Glavna [Glavna.java:46] program je pokrenut...
2019-04-06 15:13:16,342 INFO [main] h.j.v.g.Glavna [Glavna.java:98] zavrsetak rada programa
2019-04-06 15:14:04,538 INFO [main] h.j.v.g.Glavna [Glavna.java:46] program je pokrenut...
2019-04-06 15:15:53,558 INFO [main] h.j.v.g.Glavna [Glavna.java:46] program je pokrenut...
2019-04-06 15:24:22,966 INFO [main] h.j.v.g.Glavna [Glavna.java:46] program je pokrenut...
2019-04-06 15:29:19,817 INFO [main] h.j.v.g.Glavna [Glavna.java:46] program je pokrenut...
2019-04-06 15:30:07,975 INFO [main] h.j.v.g.Glavna [Glavna.java:175] Text '4' could not be parsed at index 0
2019-04-06 15:31:32,265 INFO [main] h.j.v.g.Glavna [Glavna.java:46] program je pokrenut...
2019-04-06 15:32:47,771 INFO [main] h.j.v.g.Glavna [Glavna.java:213] Text '2' could not be parsed at index 0
2019-04-06 15:32:59,022 INFO [main] h.j.v.g.Glavna [Glavna.java:213] Text '11.11.1111.-11:11' could not be parsed, unparsed text found at index 11
2019-04-06 15:34:04,513 INFO [main] h.j.v.g.Glavna [Glavna.java:175] Text '11.11.1111.-11.11' could not be parsed at index 14
2019-04-06 15:34:26,414 INFO [main] h.j.v.g.Glavna [Glavna.java:98] zavrsetak rada programa
2019-04-06 16:34:53,156 INFO [main] h.j.v.g.Glavna [Glavna.java:46] program je pokrenut...
2019-04-06 16:34:55,504 INFO [main] h.j.v.g.Glavna [Glavna.java:60] null
2019-04-06 16:34:56,790 INFO [main] h.j.v.g.Glavna [Glavna.java:60] null
2019-04-06 16:35:07,974 INFO [main] h.j.v.g.Glavna [Glavna.java:264] null
2019-04-06 16:35:08,854 INFO [main] h.j.v.g.Glavna [Glavna.java:264] null
2019-04-06 19:20:32,926 INFO [main] h.j.v.g.Glavna [Glavna.java:48] program je pokrenut...
2019-04-06 19:22:44,163 INFO [main] h.j.v.g.Glavna [Glavna.java:48] program je pokrenut...
2019-04-06 19:22:55,635 INFO [main] h.j.v.g.Glavna [Glavna.java:258] Neispravan unos, unesite opet
2019-04-06 19:22:57,265 INFO [main] h.j.v.g.Glavna [Glavna.java:258] Neispravan unos, unesite opet
2019-04-06 19:22:58,329 INFO [main] h.j.v.g.Glavna [Glavna.java:258] Neispravan unos, unesite opet
2019-04-06 19:22:59,392 INFO [main] h.j.v.g.Glavna [Glavna.java:258] Neispravan unos, unesite opet
2019-04-06 19:23:00,307 INFO [main] h.j.v.g.Glavna [Glavna.java:258] Neispravan unos, unesite opet
2019-04-06 19:23:01,424 INFO [main] h.j.v.g.Glavna [Glavna.java:258] Neispravan unos, unesite opet
2019-04-06 19:23:02,372 INFO [main] h.j.v.g.Glavna [Glavna.java:258] Neispravan unos, unesite opet
2019-04-06 19:24:05,652 INFO [main] h.j.v.g.Glavna [Glavna.java:48] program je pokrenut...
2019-04-06 19:24:09,424 INFO [main] h.j.v.g.Glavna [Glavna.java:62] null
2019-04-06 19:24:18,172 INFO [main] h.j.v.g.Glavna [Glavna.java:258] Neispravan unos, unesite opet
2019-04-06 19:24:21,417 INFO [main] h.j.v.g.Glavna [Glavna.java:258] Neispravan unos, unesite opet
2019-04-06 19:24:22,545 INFO [main] h.j.v.g.Glavna [Glavna.java:258] Neispravan unos, unesite opet
2019-04-06 19:24:23,423 INFO [main] h.j.v.g.Glavna [Glavna.java:258] Neispravan unos, unesite opet
2019-04-06 19:24:24,529 INFO [main] h.j.v.g.Glavna [Glavna.java:258] Neispravan unos, unesite opet
2019-04-06 19:24:25,530 INFO [main] h.j.v.g.Glavna [Glavna.java:258] Neispravan unos, unesite opet
2019-04-06 19:25:48,590 INFO [main] h.j.v.g.Glavna [Glavna.java:48] program je pokrenut...
2019-04-06 19:25:58,139 INFO [main] h.j.v.g.Glavna [Glavna.java:258] null
2019-04-06 19:26:02,413 INFO [main] h.j.v.g.Glavna [Glavna.java:258] null
2019-04-06 19:33:53,187 INFO [main] h.j.v.g.Glavna [Glavna.java:49] program je pokrenut...
2019-04-06 19:34:03,975 INFO [main] h.j.v.g.Glavna [Glavna.java:265] null
2019-04-06 19:34:04,887 INFO [main] h.j.v.g.Glavna [Glavna.java:265] null
2019-04-06 19:34:29,645 INFO [main] h.j.v.g.Glavna [Glavna.java:265] null
2019-04-06 19:37:20,163 INFO [main] h.j.v.g.Glavna [Glavna.java:49] program je pokrenut...
2019-04-06 19:37:47,403 INFO [main] h.j.v.g.Glavna [Glavna.java:49] program je pokrenut...
2019-04-06 19:37:53,583 INFO [main] h.j.v.g.Glavna [Glavna.java:264] null
2019-04-06 19:38:11,376 INFO [main] h.j.v.g.Glavna [Glavna.java:158] null
2019-04-06 19:39:13,594 INFO [main] h.j.v.g.Glavna [Glavna.java:49] program je pokrenut...
2019-04-06 19:39:34,955 INFO [main] h.j.v.g.Glavna [Glavna.java:158] null
2019-04-06 19:39:36,748 INFO [main] h.j.v.g.Glavna [Glavna.java:158] null
2019-04-06 19:39:57,400 INFO [main] h.j.v.g.Glavna [Glavna.java:49] program je pokrenut...
2019-04-06 19:40:02,389 INFO [main] h.j.v.g.Glavna [Glavna.java:265] null
2019-04-06 19:40:03,011 INFO [main] h.j.v.g.Glavna [Glavna.java:265] null
2019-04-06 19:41:29,576 INFO [main] h.j.v.g.Glavna [Glavna.java:49] program je pokrenut...
2019-04-06 19:41:34,421 INFO [main] h.j.v.g.Glavna [Glavna.java:265] null
2019-04-06 19:44:17,341 INFO [main] h.j.v.g.Glavna [Glavna.java:49] program je pokrenut...
2019-04-06 19:44:24,250 INFO [main] h.j.v.g.Glavna [Glavna.java:266] null
2019-04-06 19:44:37,283 INFO [main] h.j.v.g.Glavna [Glavna.java:158] null
2019-04-06 19:44:39,912 INFO [main] h.j.v.g.Glavna [Glavna.java:158] null
2019-04-06 19:49:27,831 INFO [main] h.j.v.g.Glavna [Glavna.java:49] program je pokrenut...
2019-04-06 19:49:32,704 INFO [main] h.j.v.g.Glavna [Glavna.java:266] null
2019-04-06 19:49:33,263 INFO [main] h.j.v.g.Glavna [Glavna.java:266] null
2019-04-06 19:49:33,965 INFO [main] h.j.v.g.Glavna [Glavna.java:266] null
2019-04-06 19:49:46,695 INFO [main] h.j.v.g.Glavna [Glavna.java:158] null
2019-04-06 19:49:47,923 INFO [main] h.j.v.g.Glavna [Glavna.java:158] null
2019-04-06 19:49:50,301 INFO [main] h.j.v.g.Glavna [Glavna.java:164] null
2019-06-29 01:16:06,839 INFO [main] h.j.v.g.Glavna [Glavna.java:51] program je pokrenut...
2019-06-29 01:16:11,497 INFO [main] h.j.v.g.Glavna [Glavna.java:267] null
2019-06-29 01:16:12,051 INFO [main] h.j.v.g.Glavna [Glavna.java:267] null
2019-06-29 01:16:12,681 INFO [main] h.j.v.g.Glavna [Glavna.java:267] null
2019-07-11 17:15:54,788 INFO [main] h.j.v.e.VeleucilisteJave [VeleucilisteJave.java:33] student nije dobio prolaznu ocjenu
2019-07-11 17:18:06,738 INFO [main] h.j.v.e.VeleucilisteJave [VeleucilisteJave.java:33] student nije dobio prolaznu ocjenu
2019-07-11 17:21:14,005 INFO [main] h.j.v.e.VeleucilisteJave [VeleucilisteJave.java:33] student nije dobio prolaznu ocjenu
2019-07-11 17:22:25,585 INFO [main] h.j.v.e.VeleucilisteJave [VeleucilisteJave.java:33] student nije dobio prolaznu ocjenu
2019-07-11 17:24:39,608 INFO [main] h.j.v.e.VeleucilisteJave [VeleucilisteJave.java:33] student nije dobio prolaznu ocjenu
2019-07-11 17:28:31,299 INFO [main] h.j.v.e.VeleucilisteJave [VeleucilisteJave.java:33] student nije dobio prolaznu ocjenu
2019-07-11 17:30:10,817 INFO [main] h.j.v.e.VeleucilisteJave [VeleucilisteJave.java:33] student nije dobio prolaznu ocjenu
2019-07-11 17:30:52,257 INFO [main] h.j.v.e.VeleucilisteJave [VeleucilisteJave.java:33] student nije dobio prolaznu ocjenu
2019-07-13 16:47:17,281 INFO [main] h.j.v.e.VeleucilisteJave [VeleucilisteJave.java:33] student nije dobio prolaznu ocjenu
2019-07-15 16:39:34,260 INFO [main] h.j.v.e.VeleucilisteJave [VeleucilisteJave.java:33] student nije dobio prolaznu ocjenu
2019-07-15 16:40:38,546 INFO [main] h.j.v.e.VeleucilisteJave [VeleucilisteJave.java:33] student nije dobio prolaznu ocjenu
2019-07-15 16:42:52,115 INFO [main] h.j.v.e.VeleucilisteJave [VeleucilisteJave.java:33] student nije dobio prolaznu ocjenu
2019-07-15 16:42:52,130 INFO [main] h.j.v.e.VeleucilisteJave [VeleucilisteJave.java:33] student nije dobio prolaznu ocjenu
2019-07-15 16:43:29,159 INFO [main] h.j.v.e.VeleucilisteJave [VeleucilisteJave.java:33] student nije dobio prolaznu ocjenu
2019-07-15 16:43:29,168 INFO [main] h.j.v.e.VeleucilisteJave [VeleucilisteJave.java:33] student nije dobio prolaznu ocjenu
2019-07-15 16:43:29,192 INFO [main] h.j.v.e.FakultetRacunarstva [FakultetRacunarstva.java:41]  nije dobio prolaznu ocjenu iz svakog predmeta, zbog toga ima prosjek 1
2019-07-15 16:51:08,668 INFO [main] h.j.v.e.VeleucilisteJave [VeleucilisteJave.java:33] student nije dobio prolaznu ocjenu
2019-07-15 16:53:13,777 INFO [main] h.j.v.e.VeleucilisteJave [VeleucilisteJave.java:33] student nije dobio prolaznu ocjenu
2019-07-15 16:55:38,017 INFO [main] h.j.v.e.VeleucilisteJave [VeleucilisteJave.java:33] student nije dobio prolaznu ocjenu
2019-07-15 17:35:27,584 INFO [main] h.j.v.e.VeleucilisteJave [VeleucilisteJave.java:33] student nije dobio prolaznu ocjenu
2019-07-15 17:38:10,550 INFO [main] h.j.v.e.VeleucilisteJave [VeleucilisteJave.java:33] student nije dobio prolaznu ocjenu
2019-07-15 17:39:34,868 INFO [main] h.j.v.e.VeleucilisteJave [VeleucilisteJave.java:33] student nije dobio prolaznu ocjenu
2019-07-15 17:44:01,662 INFO [main] h.j.v.e.VeleucilisteJave [VeleucilisteJave.java:33] student nije dobio prolaznu ocjenu
